<?xml version="1.0" encoding="UTF-8"?>
<coverage generated="1619920318693" clover="3.2.0">
  <project timestamp="1619920318693" name="All files">
    <metrics statements="110" coveredstatements="66" conditionals="75" coveredconditionals="29" methods="73" coveredmethods="30" elements="258" coveredelements="125" complexity="0" loc="110" ncloc="110" packages="1" files="1" classes="1"/>
    <file name="index.ts" path="/home/freya/source/repos/fp-tools/src/index.ts">
      <metrics statements="110" coveredstatements="66" conditionals="75" coveredconditionals="29" methods="73" coveredmethods="30"/>
      <line num="3" count="2" type="stmt"/>
      <line num="8" count="2" type="stmt"/>
      <line num="9" count="2" type="stmt"/>
      <line num="14" count="2" type="stmt"/>
      <line num="15" count="2" type="stmt"/>
      <line num="20" count="2" type="stmt"/>
      <line num="21" count="49" type="stmt"/>
      <line num="23" count="49" type="stmt"/>
      <line num="24" count="53" type="cond" truecount="2" falsecount="0"/>
      <line num="25" count="15" type="stmt"/>
      <line num="28" count="38" type="stmt"/>
      <line num="41" count="2" type="stmt"/>
      <line num="42" count="2" type="stmt"/>
      <line num="51" count="2" type="stmt"/>
      <line num="55" count="2" type="stmt"/>
      <line num="56" count="2" type="cond" truecount="3" falsecount="0"/>
      <line num="64" count="2" type="stmt"/>
      <line num="65" count="2" type="cond" truecount="3" falsecount="0"/>
      <line num="76" count="2" type="stmt"/>
      <line num="77" count="0" type="cond" truecount="0" falsecount="3"/>
      <line num="88" count="2" type="stmt"/>
      <line num="89" count="0" type="cond" truecount="0" falsecount="3"/>
      <line num="92" count="0" type="cond" truecount="0" falsecount="2"/>
      <line num="99" count="2" type="stmt"/>
      <line num="100" count="0" type="cond" truecount="0" falsecount="3"/>
      <line num="103" count="0" type="cond" truecount="0" falsecount="2"/>
      <line num="113" count="11" type="cond" truecount="2" falsecount="0"/>
      <line num="118" count="2" type="stmt"/>
      <line num="119" count="7" type="stmt"/>
      <line num="125" count="2" type="stmt"/>
      <line num="126" count="4" type="cond" truecount="2" falsecount="0"/>
      <line num="132" count="2" type="cond" truecount="2" falsecount="0"/>
      <line num="137" count="2" type="stmt"/>
      <line num="145" count="2" type="stmt"/>
      <line num="146" count="0" type="stmt"/>
      <line num="147" count="0" type="stmt"/>
      <line num="157" count="2" type="stmt"/>
      <line num="158" count="0" type="stmt"/>
      <line num="164" count="2" type="stmt"/>
      <line num="169" count="2" type="stmt"/>
      <line num="174" count="2" type="stmt"/>
      <line num="175" count="0" type="cond" truecount="0" falsecount="2"/>
      <line num="176" count="0" type="stmt"/>
      <line num="178" count="0" type="stmt"/>
      <line num="184" count="2" type="stmt"/>
      <line num="189" count="2" type="stmt"/>
      <line num="190" count="0" type="stmt"/>
      <line num="191" count="0" type="stmt"/>
      <line num="192" count="0" type="stmt"/>
      <line num="198" count="2" type="stmt"/>
      <line num="199" count="1" type="cond" truecount="3" falsecount="1"/>
      <line num="200" count="1" type="stmt"/>
      <line num="202" count="0" type="stmt"/>
      <line num="208" count="2" type="stmt"/>
      <line num="209" count="0" type="cond" truecount="0" falsecount="4"/>
      <line num="210" count="0" type="cond" truecount="0" falsecount="2"/>
      <line num="211" count="0" type="stmt"/>
      <line num="212" count="0" type="cond" truecount="0" falsecount="2"/>
      <line num="213" count="0" type="stmt"/>
      <line num="215" count="0" type="stmt"/>
      <line num="222" count="2" type="stmt"/>
      <line num="223" count="0" type="cond" truecount="0" falsecount="4"/>
      <line num="224" count="0" type="cond" truecount="0" falsecount="2"/>
      <line num="225" count="0" type="stmt"/>
      <line num="226" count="0" type="cond" truecount="0" falsecount="2"/>
      <line num="227" count="0" type="stmt"/>
      <line num="229" count="0" type="stmt"/>
      <line num="236" count="2" type="stmt"/>
      <line num="237" count="5" type="cond" truecount="1" falsecount="1"/>
      <line num="243" count="2" type="stmt"/>
      <line num="244" count="1" type="stmt"/>
      <line num="250" count="2" type="stmt"/>
      <line num="251" count="0" type="stmt"/>
      <line num="252" count="0" type="stmt"/>
      <line num="262" count="7" type="stmt"/>
      <line num="266" count="2" type="stmt"/>
      <line num="271" count="2" type="stmt"/>
      <line num="275" count="2" type="stmt"/>
      <line num="276" count="2" type="cond" truecount="2" falsecount="0"/>
      <line num="281" count="2" type="stmt"/>
      <line num="282" count="2" type="cond" truecount="2" falsecount="0"/>
      <line num="287" count="2" type="stmt"/>
      <line num="292" count="2" type="stmt"/>
      <line num="297" count="2" type="stmt"/>
      <line num="301" count="2" type="stmt"/>
      <line num="310" count="2" type="stmt"/>
      <line num="314" count="4" type="cond" truecount="2" falsecount="0"/>
      <line num="318" count="0" type="stmt"/>
      <line num="322" count="6" type="stmt"/>
      <line num="327" count="6" type="stmt"/>
      <line num="332" count="0" type="cond" truecount="0" falsecount="2"/>
      <line num="337" count="0" type="cond" truecount="0" falsecount="2"/>
      <line num="342" count="0" type="stmt"/>
      <line num="346" count="2" type="cond" truecount="1" falsecount="1"/>
      <line num="351" count="0" type="stmt"/>
      <line num="355" count="0" type="cond" truecount="0" falsecount="2"/>
      <line num="358" count="6" type="stmt"/>
      <line num="359" count="2" type="stmt"/>
      <line num="360" count="2" type="stmt"/>
      <line num="366" count="2" type="stmt"/>
      <line num="369" count="0" type="stmt"/>
      <line num="373" count="0" type="stmt"/>
      <line num="378" count="0" type="stmt"/>
      <line num="383" count="0" type="stmt"/>
      <line num="384" count="0" type="stmt"/>
      <line num="390" count="0" type="stmt"/>
      <line num="395" count="0" type="stmt"/>
      <line num="396" count="0" type="stmt"/>
      <line num="401" count="0" type="stmt"/>
      <line num="404" count="2" type="stmt"/>
    </file>
  </project>
</coverage>
