{"/home/freya/source/repos/fp-tools/src/index.ts": {"path":"/home/freya/source/repos/fp-tools/src/index.ts","statementMap":{"0":{"start":{"line":3,"column":0},"end":{"line":3,"column":24}},"1":{"start":{"line":8,"column":23},"end":{"line":9,"column":74}},"2":{"start":{"line":8,"column":40},"end":{"line":9,"column":74}},"3":{"start":{"line":9,"column":2},"end":{"line":9,"column":74}},"4":{"start":{"line":9,"column":41},"end":{"line":9,"column":64}},"5":{"start":{"line":8,"column":13},"end":{"line":8,"column":23}},"6":{"start":{"line":14,"column":20},"end":{"line":15,"column":69}},"7":{"start":{"line":14,"column":37},"end":{"line":15,"column":69}},"8":{"start":{"line":15,"column":2},"end":{"line":15,"column":69}},"9":{"start":{"line":15,"column":36},"end":{"line":15,"column":59}},"10":{"start":{"line":14,"column":13},"end":{"line":14,"column":20}},"11":{"start":{"line":21,"column":16},"end":{"line":21,"column":25}},"12":{"start":{"line":23,"column":2},"end":{"line":29,"column":4}},"13":{"start":{"line":24,"column":4},"end":{"line":26,"column":null}},"14":{"start":{"line":25,"column":6},"end":{"line":25,"column":40}},"15":{"start":{"line":28,"column":4},"end":{"line":28,"column":34}},"16":{"start":{"line":20,"column":0},"end":{"line":20,"column":16}},"17":{"start":{"line":41,"column":24},"end":{"line":42,"column":45}},"18":{"start":{"line":41,"column":53},"end":{"line":42,"column":45}},"19":{"start":{"line":42,"column":2},"end":{"line":42,"column":45}},"20":{"start":{"line":42,"column":34},"end":{"line":42,"column":43}},"21":{"start":{"line":41,"column":13},"end":{"line":41,"column":24}},"22":{"start":{"line":51,"column":24},"end":{"line":51,"column":37}},"23":{"start":{"line":51,"column":36},"end":{"line":51,"column":37}},"24":{"start":{"line":51,"column":13},"end":{"line":51,"column":24}},"25":{"start":{"line":55,"column":13},"end":{"line":59,"column":3}},"26":{"start":{"line":56,"column":2},"end":{"line":58,"column":17}},"27":{"start":{"line":64,"column":13},"end":{"line":68,"column":3}},"28":{"start":{"line":65,"column":2},"end":{"line":67,"column":20}},"29":{"start":{"line":76,"column":13},"end":{"line":80,"column":3}},"30":{"start":{"line":77,"column":2},"end":{"line":79,"column":20}},"31":{"start":{"line":88,"column":13},"end":{"line":94,"column":3}},"32":{"start":{"line":89,"column":2},"end":{"line":93,"column":16}},"33":{"start":{"line":92,"column":8},"end":{"line":92,"column":40}},"34":{"start":{"line":99,"column":13},"end":{"line":105,"column":3}},"35":{"start":{"line":100,"column":2},"end":{"line":104,"column":16}},"36":{"start":{"line":103,"column":8},"end":{"line":103,"column":40}},"37":{"start":{"line":113,"column":21},"end":{"line":113,"column":62}},"38":{"start":{"line":113,"column":33},"end":{"line":113,"column":62}},"39":{"start":{"line":113,"column":13},"end":{"line":113,"column":21}},"40":{"start":{"line":118,"column":13},"end":{"line":120,"column":3}},"41":{"start":{"line":119,"column":2},"end":{"line":119,"column":49}},"42":{"start":{"line":125,"column":13},"end":{"line":127,"column":3}},"43":{"start":{"line":126,"column":2},"end":{"line":126,"column":46}},"44":{"start":{"line":132,"column":13},"end":{"line":132,"column":74}},"45":{"start":{"line":132,"column":56},"end":{"line":132,"column":71}},"46":{"start":{"line":137,"column":25},"end":{"line":137,"column":41}},"47":{"start":{"line":137,"column":37},"end":{"line":137,"column":41}},"48":{"start":{"line":137,"column":13},"end":{"line":137,"column":25}},"49":{"start":{"line":145,"column":13},"end":{"line":148,"column":3}},"50":{"start":{"line":146,"column":2},"end":{"line":146,"column":22}},"51":{"start":{"line":147,"column":2},"end":{"line":147,"column":11}},"52":{"start":{"line":157,"column":28},"end":{"line":159,"column":1}},"53":{"start":{"line":158,"column":2},"end":{"line":158,"column":49}},"54":{"start":{"line":157,"column":13},"end":{"line":157,"column":28}},"55":{"start":{"line":164,"column":23},"end":{"line":164,"column":57}},"56":{"start":{"line":164,"column":40},"end":{"line":164,"column":57}},"57":{"start":{"line":164,"column":13},"end":{"line":164,"column":23}},"58":{"start":{"line":169,"column":23},"end":{"line":169,"column":57}},"59":{"start":{"line":169,"column":40},"end":{"line":169,"column":57}},"60":{"start":{"line":169,"column":13},"end":{"line":169,"column":23}},"61":{"start":{"line":174,"column":13},"end":{"line":179,"column":3}},"62":{"start":{"line":175,"column":2},"end":{"line":177,"column":null}},"63":{"start":{"line":176,"column":4},"end":{"line":176,"column":25}},"64":{"start":{"line":178,"column":2},"end":{"line":178,"column":15}},"65":{"start":{"line":184,"column":13},"end":{"line":184,"column":73}},"66":{"start":{"line":184,"column":57},"end":{"line":184,"column":71}},"67":{"start":{"line":189,"column":13},"end":{"line":193,"column":3}},"68":{"start":{"line":190,"column":13},"end":{"line":190,"column":31}},"69":{"start":{"line":191,"column":13},"end":{"line":191,"column":28}},"70":{"start":{"line":192,"column":2},"end":{"line":192,"column":18}},"71":{"start":{"line":198,"column":13},"end":{"line":203,"column":3}},"72":{"start":{"line":199,"column":2},"end":{"line":201,"column":null}},"73":{"start":{"line":200,"column":4},"end":{"line":200,"column":23}},"74":{"start":{"line":202,"column":2},"end":{"line":202,"column":12}},"75":{"start":{"line":208,"column":20},"end":{"line":217,"column":1}},"76":{"start":{"line":209,"column":2},"end":{"line":216,"column":null}},"77":{"start":{"line":210,"column":4},"end":{"line":214,"column":null}},"78":{"start":{"line":211,"column":6},"end":{"line":211,"column":18}},"79":{"start":{"line":212,"column":11},"end":{"line":214,"column":null}},"80":{"start":{"line":213,"column":6},"end":{"line":213,"column":19}},"81":{"start":{"line":215,"column":4},"end":{"line":215,"column":16}},"82":{"start":{"line":208,"column":13},"end":{"line":208,"column":20}},"83":{"start":{"line":222,"column":20},"end":{"line":231,"column":1}},"84":{"start":{"line":223,"column":2},"end":{"line":230,"column":null}},"85":{"start":{"line":224,"column":4},"end":{"line":228,"column":null}},"86":{"start":{"line":225,"column":6},"end":{"line":225,"column":18}},"87":{"start":{"line":226,"column":11},"end":{"line":228,"column":null}},"88":{"start":{"line":227,"column":6},"end":{"line":227,"column":31}},"89":{"start":{"line":229,"column":4},"end":{"line":229,"column":16}},"90":{"start":{"line":222,"column":13},"end":{"line":222,"column":20}},"91":{"start":{"line":236,"column":13},"end":{"line":238,"column":2}},"92":{"start":{"line":237,"column":2},"end":{"line":237,"column":28}},"93":{"start":{"line":243,"column":13},"end":{"line":245,"column":3}},"94":{"start":{"line":244,"column":2},"end":{"line":244,"column":29}},"95":{"start":{"line":251,"column":2},"end":{"line":253,"column":4}},"96":{"start":{"line":252,"column":4},"end":{"line":252,"column":44}},"97":{"start":{"line":250,"column":0},"end":{"line":250,"column":16}},"98":{"start":{"line":262,"column":13},"end":{"line":262,"column":58}},"99":{"start":{"line":262,"column":51},"end":{"line":262,"column":56}},"100":{"start":{"line":266,"column":13},"end":{"line":266,"column":63}},"101":{"start":{"line":266,"column":56},"end":{"line":266,"column":61}},"102":{"start":{"line":271,"column":13},"end":{"line":271,"column":63}},"103":{"start":{"line":271,"column":56},"end":{"line":271,"column":61}},"104":{"start":{"line":275,"column":13},"end":{"line":277,"column":2}},"105":{"start":{"line":276,"column":2},"end":{"line":276,"column":41}},"106":{"start":{"line":281,"column":13},"end":{"line":283,"column":2}},"107":{"start":{"line":282,"column":2},"end":{"line":282,"column":41}},"108":{"start":{"line":287,"column":13},"end":{"line":287,"column":57}},"109":{"start":{"line":287,"column":50},"end":{"line":287,"column":55}},"110":{"start":{"line":292,"column":13},"end":{"line":292,"column":59}},"111":{"start":{"line":292,"column":51},"end":{"line":292,"column":57}},"112":{"start":{"line":297,"column":13},"end":{"line":297,"column":57}},"113":{"start":{"line":297,"column":50},"end":{"line":297,"column":55}},"114":{"start":{"line":301,"column":13},"end":{"line":301,"column":59}},"115":{"start":{"line":301,"column":51},"end":{"line":301,"column":57}},"116":{"start":{"line":322,"column":4},"end":{"line":322,"column":20}},"117":{"start":{"line":314,"column":4},"end":{"line":314,"column":61}},"118":{"start":{"line":318,"column":4},"end":{"line":318,"column":27}},"119":{"start":{"line":327,"column":4},"end":{"line":327,"column":24}},"120":{"start":{"line":332,"column":4},"end":{"line":332,"column":61}},"121":{"start":{"line":337,"column":4},"end":{"line":337,"column":54}},"122":{"start":{"line":342,"column":4},"end":{"line":342,"column":31}},"123":{"start":{"line":346,"column":4},"end":{"line":346,"column":47}},"124":{"start":{"line":351,"column":4},"end":{"line":351,"column":39}},"125":{"start":{"line":355,"column":4},"end":{"line":355,"column":69}},"126":{"start":{"line":310,"column":0},"end":{"line":310,"column":13}},"127":{"start":{"line":358,"column":21},"end":{"line":358,"column":44}},"128":{"start":{"line":358,"column":33},"end":{"line":358,"column":44}},"129":{"start":{"line":358,"column":13},"end":{"line":358,"column":21}},"130":{"start":{"line":359,"column":20},"end":{"line":359,"column":40}},"131":{"start":{"line":359,"column":32},"end":{"line":359,"column":40}},"132":{"start":{"line":359,"column":13},"end":{"line":359,"column":20}},"133":{"start":{"line":360,"column":13},"end":{"line":360,"column":35}},"134":{"start":{"line":369,"column":4},"end":{"line":369,"column":21}},"135":{"start":{"line":373,"column":4},"end":{"line":373,"column":51}},"136":{"start":{"line":373,"column":43},"end":{"line":373,"column":49}},"137":{"start":{"line":378,"column":4},"end":{"line":378,"column":59}},"138":{"start":{"line":378,"column":47},"end":{"line":378,"column":57}},"139":{"start":{"line":383,"column":4},"end":{"line":385,"column":6}},"140":{"start":{"line":384,"column":6},"end":{"line":384,"column":42}},"141":{"start":{"line":390,"column":4},"end":{"line":390,"column":46}},"142":{"start":{"line":390,"column":35},"end":{"line":390,"column":44}},"143":{"start":{"line":395,"column":4},"end":{"line":397,"column":6}},"144":{"start":{"line":396,"column":6},"end":{"line":396,"column":61}},"145":{"start":{"line":396,"column":36},"end":{"line":396,"column":60}},"146":{"start":{"line":401,"column":4},"end":{"line":401,"column":32}},"147":{"start":{"line":366,"column":0},"end":{"line":366,"column":13}},"148":{"start":{"line":404,"column":22},"end":{"line":404,"column":50}},"149":{"start":{"line":404,"column":34},"end":{"line":404,"column":50}},"150":{"start":{"line":404,"column":13},"end":{"line":404,"column":22}}},"fnMap":{"0":{"name":"(anonymous_4)","decl":{"start":{"line":8,"column":23},"end":{"line":8,"column":24}},"loc":{"start":{"line":8,"column":40},"end":{"line":9,"column":74}}},"1":{"name":"(anonymous_5)","decl":{"start":{"line":8,"column":40},"end":{"line":8,"column":41}},"loc":{"start":{"line":9,"column":2},"end":{"line":9,"column":74}}},"2":{"name":"(anonymous_6)","decl":{"start":{"line":9,"column":18},"end":{"line":9,"column":19}},"loc":{"start":{"line":9,"column":41},"end":{"line":9,"column":64}}},"3":{"name":"(anonymous_7)","decl":{"start":{"line":14,"column":20},"end":{"line":14,"column":21}},"loc":{"start":{"line":14,"column":37},"end":{"line":15,"column":69}}},"4":{"name":"(anonymous_8)","decl":{"start":{"line":14,"column":37},"end":{"line":14,"column":38}},"loc":{"start":{"line":15,"column":2},"end":{"line":15,"column":69}}},"5":{"name":"(anonymous_9)","decl":{"start":{"line":15,"column":13},"end":{"line":15,"column":14}},"loc":{"start":{"line":15,"column":36},"end":{"line":15,"column":59}}},"6":{"name":"curry","decl":{"start":{"line":20,"column":16},"end":{"line":20,"column":21}},"loc":{"start":{"line":20,"column":47},"end":{"line":30,"column":1}}},"7":{"name":"$curry","decl":{"start":{"line":23,"column":18},"end":{"line":23,"column":24}},"loc":{"start":{"line":23,"column":37},"end":{"line":29,"column":3}}},"8":{"name":"(anonymous_12)","decl":{"start":{"line":41,"column":24},"end":{"line":41,"column":25}},"loc":{"start":{"line":41,"column":53},"end":{"line":42,"column":45}}},"9":{"name":"(anonymous_13)","decl":{"start":{"line":41,"column":53},"end":{"line":41,"column":54}},"loc":{"start":{"line":42,"column":2},"end":{"line":42,"column":45}}},"10":{"name":"(anonymous_14)","decl":{"start":{"line":42,"column":18},"end":{"line":42,"column":19}},"loc":{"start":{"line":42,"column":34},"end":{"line":42,"column":43}}},"11":{"name":"(anonymous_15)","decl":{"start":{"line":51,"column":24},"end":{"line":51,"column":25}},"loc":{"start":{"line":51,"column":36},"end":{"line":51,"column":37}}},"12":{"name":"(anonymous_16)","decl":{"start":{"line":55,"column":25},"end":{"line":55,"column":26}},"loc":{"start":{"line":55,"column":51},"end":{"line":59,"column":1}}},"13":{"name":"(anonymous_17)","decl":{"start":{"line":64,"column":28},"end":{"line":64,"column":29}},"loc":{"start":{"line":64,"column":72},"end":{"line":68,"column":1}}},"14":{"name":"(anonymous_18)","decl":{"start":{"line":76,"column":28},"end":{"line":76,"column":29}},"loc":{"start":{"line":76,"column":66},"end":{"line":80,"column":1}}},"15":{"name":"(anonymous_19)","decl":{"start":{"line":88,"column":26},"end":{"line":88,"column":27}},"loc":{"start":{"line":88,"column":69},"end":{"line":94,"column":1}}},"16":{"name":"(anonymous_20)","decl":{"start":{"line":91,"column":18},"end":{"line":91,"column":19}},"loc":{"start":{"line":91,"column":43},"end":{"line":93,"column":7}}},"17":{"name":"(anonymous_21)","decl":{"start":{"line":99,"column":25},"end":{"line":99,"column":26}},"loc":{"start":{"line":99,"column":68},"end":{"line":105,"column":1}}},"18":{"name":"(anonymous_22)","decl":{"start":{"line":102,"column":18},"end":{"line":102,"column":19}},"loc":{"start":{"line":102,"column":43},"end":{"line":104,"column":7}}},"19":{"name":"(anonymous_23)","decl":{"start":{"line":113,"column":21},"end":{"line":113,"column":22}},"loc":{"start":{"line":113,"column":33},"end":{"line":113,"column":62}}},"20":{"name":"(anonymous_24)","decl":{"start":{"line":118,"column":28},"end":{"line":118,"column":29}},"loc":{"start":{"line":118,"column":47},"end":{"line":120,"column":1}}},"21":{"name":"(anonymous_25)","decl":{"start":{"line":125,"column":28},"end":{"line":125,"column":29}},"loc":{"start":{"line":125,"column":67},"end":{"line":127,"column":1}}},"22":{"name":"(anonymous_26)","decl":{"start":{"line":132,"column":31},"end":{"line":132,"column":32}},"loc":{"start":{"line":132,"column":56},"end":{"line":132,"column":71}}},"23":{"name":"(anonymous_27)","decl":{"start":{"line":137,"column":25},"end":{"line":137,"column":26}},"loc":{"start":{"line":137,"column":37},"end":{"line":137,"column":41}}},"24":{"name":"(anonymous_28)","decl":{"start":{"line":145,"column":27},"end":{"line":145,"column":28}},"loc":{"start":{"line":145,"column":51},"end":{"line":148,"column":1}}},"25":{"name":"(anonymous_29)","decl":{"start":{"line":157,"column":28},"end":{"line":157,"column":31}},"loc":{"start":{"line":157,"column":33},"end":{"line":159,"column":1}}},"26":{"name":"(anonymous_30)","decl":{"start":{"line":164,"column":23},"end":{"line":164,"column":24}},"loc":{"start":{"line":164,"column":40},"end":{"line":164,"column":57}}},"27":{"name":"(anonymous_31)","decl":{"start":{"line":169,"column":23},"end":{"line":169,"column":24}},"loc":{"start":{"line":169,"column":40},"end":{"line":169,"column":57}}},"28":{"name":"(anonymous_32)","decl":{"start":{"line":174,"column":30},"end":{"line":174,"column":31}},"loc":{"start":{"line":174,"column":55},"end":{"line":179,"column":1}}},"29":{"name":"(anonymous_33)","decl":{"start":{"line":184,"column":27},"end":{"line":184,"column":28}},"loc":{"start":{"line":184,"column":57},"end":{"line":184,"column":71}}},"30":{"name":"(anonymous_34)","decl":{"start":{"line":189,"column":29},"end":{"line":189,"column":30}},"loc":{"start":{"line":189,"column":67},"end":{"line":193,"column":1}}},"31":{"name":"(anonymous_35)","decl":{"start":{"line":198,"column":28},"end":{"line":198,"column":29}},"loc":{"start":{"line":198,"column":53},"end":{"line":203,"column":1}}},"32":{"name":"(anonymous_36)","decl":{"start":{"line":208,"column":20},"end":{"line":208,"column":21}},"loc":{"start":{"line":208,"column":43},"end":{"line":217,"column":1}}},"33":{"name":"(anonymous_37)","decl":{"start":{"line":222,"column":20},"end":{"line":222,"column":21}},"loc":{"start":{"line":222,"column":43},"end":{"line":231,"column":1}}},"34":{"name":"(anonymous_38)","decl":{"start":{"line":236,"column":26},"end":{"line":236,"column":27}},"loc":{"start":{"line":237,"column":2},"end":{"line":237,"column":28}}},"35":{"name":"(anonymous_39)","decl":{"start":{"line":243,"column":29},"end":{"line":243,"column":30}},"loc":{"start":{"line":243,"column":60},"end":{"line":245,"column":1}}},"36":{"name":"safeGet","decl":{"start":{"line":250,"column":16},"end":{"line":250,"column":23}},"loc":{"start":{"line":250,"column":36},"end":{"line":254,"column":1}}},"37":{"name":"(anonymous_41)","decl":{"start":{"line":251,"column":9},"end":{"line":251,"column":10}},"loc":{"start":{"line":251,"column":31},"end":{"line":253,"column":3}}},"38":{"name":"(anonymous_42)","decl":{"start":{"line":262,"column":25},"end":{"line":262,"column":26}},"loc":{"start":{"line":262,"column":51},"end":{"line":262,"column":56}}},"39":{"name":"(anonymous_43)","decl":{"start":{"line":266,"column":30},"end":{"line":266,"column":31}},"loc":{"start":{"line":266,"column":56},"end":{"line":266,"column":61}}},"40":{"name":"(anonymous_44)","decl":{"start":{"line":271,"column":30},"end":{"line":271,"column":31}},"loc":{"start":{"line":271,"column":56},"end":{"line":271,"column":61}}},"41":{"name":"(anonymous_45)","decl":{"start":{"line":275,"column":28},"end":{"line":275,"column":29}},"loc":{"start":{"line":276,"column":2},"end":{"line":276,"column":41}}},"42":{"name":"(anonymous_46)","decl":{"start":{"line":281,"column":30},"end":{"line":281,"column":31}},"loc":{"start":{"line":282,"column":2},"end":{"line":282,"column":41}}},"43":{"name":"(anonymous_47)","decl":{"start":{"line":287,"column":24},"end":{"line":287,"column":25}},"loc":{"start":{"line":287,"column":50},"end":{"line":287,"column":55}}},"44":{"name":"(anonymous_48)","decl":{"start":{"line":292,"column":25},"end":{"line":292,"column":26}},"loc":{"start":{"line":292,"column":51},"end":{"line":292,"column":57}}},"45":{"name":"(anonymous_49)","decl":{"start":{"line":297,"column":24},"end":{"line":297,"column":25}},"loc":{"start":{"line":297,"column":50},"end":{"line":297,"column":55}}},"46":{"name":"(anonymous_50)","decl":{"start":{"line":301,"column":25},"end":{"line":301,"column":26}},"loc":{"start":{"line":301,"column":51},"end":{"line":301,"column":57}}},"47":{"name":"(anonymous_51)","decl":{"start":{"line":321,"column":2},"end":{"line":321,"column":14}},"loc":{"start":{"line":321,"column":20},"end":{"line":323,"column":3}}},"48":{"name":"(anonymous_52)","decl":{"start":{"line":313,"column":2},"end":{"line":313,"column":6}},"loc":{"start":{"line":313,"column":15},"end":{"line":315,"column":3}}},"49":{"name":"(anonymous_53)","decl":{"start":{"line":317,"column":2},"end":{"line":317,"column":6}},"loc":{"start":{"line":317,"column":12},"end":{"line":319,"column":3}}},"50":{"name":"(anonymous_54)","decl":{"start":{"line":326,"column":2},"end":{"line":326,"column":8}},"loc":{"start":{"line":326,"column":18},"end":{"line":328,"column":3}}},"51":{"name":"(anonymous_55)","decl":{"start":{"line":331,"column":2},"end":{"line":331,"column":5}},"loc":{"start":{"line":331,"column":14},"end":{"line":333,"column":3}}},"52":{"name":"(anonymous_56)","decl":{"start":{"line":336,"column":2},"end":{"line":336,"column":4}},"loc":{"start":{"line":336,"column":11},"end":{"line":338,"column":3}}},"53":{"name":"(anonymous_57)","decl":{"start":{"line":341,"column":2},"end":{"line":341,"column":7}},"loc":{"start":{"line":341,"column":16},"end":{"line":343,"column":3}}},"54":{"name":"(anonymous_58)","decl":{"start":{"line":345,"column":2},"end":{"line":345,"column":6}},"loc":{"start":{"line":345,"column":6},"end":{"line":347,"column":3}}},"55":{"name":"(anonymous_59)","decl":{"start":{"line":350,"column":2},"end":{"line":350,"column":10}},"loc":{"start":{"line":350,"column":18},"end":{"line":352,"column":3}}},"56":{"name":"(anonymous_60)","decl":{"start":{"line":354,"column":2},"end":{"line":354,"column":10}},"loc":{"start":{"line":354,"column":28},"end":{"line":356,"column":3}}},"57":{"name":"(anonymous_61)","decl":{"start":{"line":358,"column":21},"end":{"line":358,"column":22}},"loc":{"start":{"line":358,"column":33},"end":{"line":358,"column":44}}},"58":{"name":"(anonymous_62)","decl":{"start":{"line":359,"column":20},"end":{"line":359,"column":21}},"loc":{"start":{"line":359,"column":32},"end":{"line":359,"column":40}}},"59":{"name":"(anonymous_63)","decl":{"start":{"line":368,"column":2},"end":{"line":368,"column":14}},"loc":{"start":{"line":368,"column":23},"end":{"line":370,"column":3}}},"60":{"name":"(anonymous_64)","decl":{"start":{"line":372,"column":2},"end":{"line":372,"column":8}},"loc":{"start":{"line":372,"column":24},"end":{"line":374,"column":3}}},"61":{"name":"(anonymous_65)","decl":{"start":{"line":373,"column":20},"end":{"line":373,"column":21}},"loc":{"start":{"line":373,"column":43},"end":{"line":373,"column":49}}},"62":{"name":"(anonymous_66)","decl":{"start":{"line":377,"column":2},"end":{"line":377,"column":8}},"loc":{"start":{"line":377,"column":18},"end":{"line":379,"column":3}}},"63":{"name":"(anonymous_67)","decl":{"start":{"line":378,"column":20},"end":{"line":378,"column":21}},"loc":{"start":{"line":378,"column":47},"end":{"line":378,"column":57}}},"64":{"name":"(anonymous_68)","decl":{"start":{"line":382,"column":2},"end":{"line":382,"column":5}},"loc":{"start":{"line":382,"column":14},"end":{"line":386,"column":3}}},"65":{"name":"(anonymous_69)","decl":{"start":{"line":383,"column":20},"end":{"line":383,"column":21}},"loc":{"start":{"line":384,"column":6},"end":{"line":384,"column":42}}},"66":{"name":"(anonymous_70)","decl":{"start":{"line":389,"column":2},"end":{"line":389,"column":4}},"loc":{"start":{"line":389,"column":11},"end":{"line":391,"column":3}}},"67":{"name":"(anonymous_71)","decl":{"start":{"line":390,"column":22},"end":{"line":390,"column":23}},"loc":{"start":{"line":390,"column":35},"end":{"line":390,"column":44}}},"68":{"name":"(anonymous_72)","decl":{"start":{"line":394,"column":2},"end":{"line":394,"column":7}},"loc":{"start":{"line":394,"column":15},"end":{"line":398,"column":3}}},"69":{"name":"(anonymous_73)","decl":{"start":{"line":395,"column":20},"end":{"line":395,"column":21}},"loc":{"start":{"line":396,"column":6},"end":{"line":396,"column":61}}},"70":{"name":"(anonymous_74)","decl":{"start":{"line":396,"column":24},"end":{"line":396,"column":25}},"loc":{"start":{"line":396,"column":36},"end":{"line":396,"column":60}}},"71":{"name":"(anonymous_75)","decl":{"start":{"line":400,"column":2},"end":{"line":400,"column":6}},"loc":{"start":{"line":400,"column":6},"end":{"line":402,"column":3}}},"72":{"name":"(anonymous_76)","decl":{"start":{"line":404,"column":22},"end":{"line":404,"column":23}},"loc":{"start":{"line":404,"column":34},"end":{"line":404,"column":50}}}},"branchMap":{"0":{"loc":{"start":{"line":24,"column":4},"end":{"line":26,"column":null}},"type":"if","locations":[{"start":{"line":24,"column":4},"end":{"line":26,"column":null}},{"start":{"line":24,"column":4},"end":{"line":26,"column":null}}]},"1":{"loc":{"start":{"line":57,"column":6},"end":{"line":57,"column":8}},"type":"cond-expr","locations":[{"start":{"line":57,"column":6},"end":{"line":57,"column":8}},{"start":{"line":58,"column":6},"end":{"line":58,"column":16}}]},"2":{"loc":{"start":{"line":56,"column":9},"end":{"line":56,"column":20}},"type":"binary-expr","locations":[{"start":{"line":56,"column":9},"end":{"line":56,"column":20}},{"start":{"line":56,"column":24},"end":{"line":56,"column":40}},{"start":{"line":56,"column":44},"end":{"line":56,"column":64}}]},"3":{"loc":{"start":{"line":66,"column":6},"end":{"line":66,"column":8}},"type":"cond-expr","locations":[{"start":{"line":66,"column":6},"end":{"line":66,"column":8}},{"start":{"line":67,"column":6},"end":{"line":67,"column":19}}]},"4":{"loc":{"start":{"line":65,"column":9},"end":{"line":65,"column":20}},"type":"binary-expr","locations":[{"start":{"line":65,"column":9},"end":{"line":65,"column":20}},{"start":{"line":65,"column":24},"end":{"line":65,"column":40}},{"start":{"line":65,"column":44},"end":{"line":65,"column":67}}]},"5":{"loc":{"start":{"line":78,"column":6},"end":{"line":78,"column":8}},"type":"cond-expr","locations":[{"start":{"line":78,"column":6},"end":{"line":78,"column":8}},{"start":{"line":79,"column":6},"end":{"line":79,"column":19}}]},"6":{"loc":{"start":{"line":77,"column":9},"end":{"line":77,"column":20}},"type":"binary-expr","locations":[{"start":{"line":77,"column":9},"end":{"line":77,"column":20}},{"start":{"line":77,"column":24},"end":{"line":77,"column":40}},{"start":{"line":77,"column":44},"end":{"line":77,"column":67}}]},"7":{"loc":{"start":{"line":90,"column":6},"end":{"line":90,"column":11}},"type":"cond-expr","locations":[{"start":{"line":90,"column":6},"end":{"line":90,"column":11}},{"start":{"line":91,"column":6},"end":{"line":93,"column":15}}]},"8":{"loc":{"start":{"line":89,"column":9},"end":{"line":89,"column":22}},"type":"binary-expr","locations":[{"start":{"line":89,"column":9},"end":{"line":89,"column":22}},{"start":{"line":89,"column":26},"end":{"line":89,"column":44}},{"start":{"line":89,"column":48},"end":{"line":89,"column":73}}]},"9":{"loc":{"start":{"line":92,"column":22},"end":{"line":92,"column":26}},"type":"cond-expr","locations":[{"start":{"line":92,"column":22},"end":{"line":92,"column":26}},{"start":{"line":92,"column":29},"end":{"line":92,"column":39}}]},"10":{"loc":{"start":{"line":101,"column":6},"end":{"line":101,"column":11}},"type":"cond-expr","locations":[{"start":{"line":101,"column":6},"end":{"line":101,"column":11}},{"start":{"line":102,"column":6},"end":{"line":104,"column":15}}]},"11":{"loc":{"start":{"line":100,"column":9},"end":{"line":100,"column":22}},"type":"binary-expr","locations":[{"start":{"line":100,"column":9},"end":{"line":100,"column":22}},{"start":{"line":100,"column":26},"end":{"line":100,"column":44}},{"start":{"line":100,"column":48},"end":{"line":100,"column":73}}]},"12":{"loc":{"start":{"line":103,"column":22},"end":{"line":103,"column":32}},"type":"cond-expr","locations":[{"start":{"line":103,"column":22},"end":{"line":103,"column":32}},{"start":{"line":103,"column":35},"end":{"line":103,"column":39}}]},"13":{"loc":{"start":{"line":113,"column":33},"end":{"line":113,"column":43}},"type":"binary-expr","locations":[{"start":{"line":113,"column":33},"end":{"line":113,"column":43}},{"start":{"line":113,"column":47},"end":{"line":113,"column":62}}]},"14":{"loc":{"start":{"line":126,"column":22},"end":{"line":126,"column":32}},"type":"cond-expr","locations":[{"start":{"line":126,"column":22},"end":{"line":126,"column":32}},{"start":{"line":126,"column":35},"end":{"line":126,"column":45}}]},"15":{"loc":{"start":{"line":132,"column":62},"end":{"line":132,"column":65}},"type":"cond-expr","locations":[{"start":{"line":132,"column":62},"end":{"line":132,"column":65}},{"start":{"line":132,"column":68},"end":{"line":132,"column":71}}]},"16":{"loc":{"start":{"line":175,"column":2},"end":{"line":177,"column":null}},"type":"if","locations":[{"start":{"line":175,"column":2},"end":{"line":177,"column":null}},{"start":{"line":175,"column":2},"end":{"line":177,"column":null}}]},"17":{"loc":{"start":{"line":199,"column":2},"end":{"line":201,"column":null}},"type":"if","locations":[{"start":{"line":199,"column":2},"end":{"line":201,"column":null}},{"start":{"line":199,"column":2},"end":{"line":201,"column":null}}]},"18":{"loc":{"start":{"line":199,"column":6},"end":{"line":199,"column":27}},"type":"binary-expr","locations":[{"start":{"line":199,"column":6},"end":{"line":199,"column":27}},{"start":{"line":199,"column":31},"end":{"line":199,"column":52}}]},"19":{"loc":{"start":{"line":209,"column":2},"end":{"line":216,"column":null}},"type":"if","locations":[{"start":{"line":209,"column":2},"end":{"line":216,"column":null}},{"start":{"line":209,"column":2},"end":{"line":216,"column":null}}]},"20":{"loc":{"start":{"line":209,"column":6},"end":{"line":209,"column":28}},"type":"binary-expr","locations":[{"start":{"line":209,"column":6},"end":{"line":209,"column":28}},{"start":{"line":209,"column":32},"end":{"line":209,"column":49}}]},"21":{"loc":{"start":{"line":210,"column":4},"end":{"line":214,"column":null}},"type":"if","locations":[{"start":{"line":210,"column":4},"end":{"line":214,"column":null}},{"start":{"line":210,"column":4},"end":{"line":214,"column":null}}]},"22":{"loc":{"start":{"line":212,"column":11},"end":{"line":214,"column":null}},"type":"if","locations":[{"start":{"line":212,"column":11},"end":{"line":214,"column":null}},{"start":{"line":212,"column":11},"end":{"line":214,"column":null}}]},"23":{"loc":{"start":{"line":223,"column":2},"end":{"line":230,"column":null}},"type":"if","locations":[{"start":{"line":223,"column":2},"end":{"line":230,"column":null}},{"start":{"line":223,"column":2},"end":{"line":230,"column":null}}]},"24":{"loc":{"start":{"line":223,"column":6},"end":{"line":223,"column":28}},"type":"binary-expr","locations":[{"start":{"line":223,"column":6},"end":{"line":223,"column":28}},{"start":{"line":223,"column":32},"end":{"line":223,"column":49}}]},"25":{"loc":{"start":{"line":224,"column":4},"end":{"line":228,"column":null}},"type":"if","locations":[{"start":{"line":224,"column":4},"end":{"line":228,"column":null}},{"start":{"line":224,"column":4},"end":{"line":228,"column":null}}]},"26":{"loc":{"start":{"line":226,"column":11},"end":{"line":228,"column":null}},"type":"if","locations":[{"start":{"line":226,"column":11},"end":{"line":228,"column":null}},{"start":{"line":226,"column":11},"end":{"line":228,"column":null}}]},"27":{"loc":{"start":{"line":237,"column":15},"end":{"line":237,"column":19}},"type":"cond-expr","locations":[{"start":{"line":237,"column":15},"end":{"line":237,"column":19}},{"start":{"line":237,"column":22},"end":{"line":237,"column":28}}]},"28":{"loc":{"start":{"line":276,"column":10},"end":{"line":276,"column":22}},"type":"cond-expr","locations":[{"start":{"line":276,"column":10},"end":{"line":276,"column":22}},{"start":{"line":276,"column":25},"end":{"line":276,"column":41}}]},"29":{"loc":{"start":{"line":282,"column":10},"end":{"line":282,"column":22}},"type":"cond-expr","locations":[{"start":{"line":282,"column":10},"end":{"line":282,"column":22}},{"start":{"line":282,"column":25},"end":{"line":282,"column":41}}]},"30":{"loc":{"start":{"line":314,"column":11},"end":{"line":314,"column":31}},"type":"binary-expr","locations":[{"start":{"line":314,"column":11},"end":{"line":314,"column":31}},{"start":{"line":314,"column":35},"end":{"line":314,"column":60}}]},"31":{"loc":{"start":{"line":332,"column":28},"end":{"line":332,"column":32}},"type":"cond-expr","locations":[{"start":{"line":332,"column":28},"end":{"line":332,"column":32}},{"start":{"line":332,"column":35},"end":{"line":332,"column":60}}]},"32":{"loc":{"start":{"line":337,"column":28},"end":{"line":337,"column":32}},"type":"cond-expr","locations":[{"start":{"line":337,"column":28},"end":{"line":337,"column":32}},{"start":{"line":337,"column":35},"end":{"line":337,"column":53}}]},"33":{"loc":{"start":{"line":346,"column":28},"end":{"line":346,"column":32}},"type":"cond-expr","locations":[{"start":{"line":346,"column":28},"end":{"line":346,"column":32}},{"start":{"line":346,"column":35},"end":{"line":346,"column":46}}]},"34":{"loc":{"start":{"line":355,"column":28},"end":{"line":355,"column":36}},"type":"cond-expr","locations":[{"start":{"line":355,"column":28},"end":{"line":355,"column":36}},{"start":{"line":355,"column":39},"end":{"line":355,"column":68}}]}},"s":{"0":2,"1":2,"2":1,"3":1,"4":2,"5":2,"6":2,"7":1,"8":1,"9":2,"10":2,"11":49,"12":49,"13":53,"14":15,"15":38,"16":2,"17":2,"18":1,"19":1,"20":2,"21":2,"22":2,"23":2,"24":2,"25":2,"26":2,"27":2,"28":2,"29":2,"30":0,"31":2,"32":0,"33":0,"34":2,"35":0,"36":0,"37":2,"38":11,"39":2,"40":2,"41":7,"42":2,"43":4,"44":2,"45":2,"46":2,"47":0,"48":2,"49":2,"50":0,"51":0,"52":2,"53":0,"54":2,"55":2,"56":0,"57":2,"58":2,"59":0,"60":2,"61":2,"62":0,"63":0,"64":0,"65":2,"66":0,"67":2,"68":0,"69":0,"70":0,"71":2,"72":1,"73":1,"74":0,"75":2,"76":0,"77":0,"78":0,"79":0,"80":0,"81":0,"82":2,"83":2,"84":0,"85":0,"86":0,"87":0,"88":0,"89":0,"90":2,"91":2,"92":5,"93":2,"94":1,"95":0,"96":0,"97":2,"98":2,"99":7,"100":2,"101":0,"102":2,"103":2,"104":2,"105":2,"106":2,"107":2,"108":2,"109":0,"110":2,"111":0,"112":2,"113":0,"114":2,"115":0,"116":6,"117":4,"118":0,"119":6,"120":0,"121":0,"122":0,"123":2,"124":0,"125":0,"126":2,"127":2,"128":6,"129":2,"130":2,"131":0,"132":2,"133":2,"134":0,"135":0,"136":0,"137":0,"138":0,"139":0,"140":0,"141":0,"142":0,"143":0,"144":0,"145":0,"146":0,"147":2,"148":2,"149":0,"150":2},"f":{"0":1,"1":1,"2":2,"3":1,"4":1,"5":2,"6":49,"7":53,"8":1,"9":1,"10":2,"11":2,"12":2,"13":2,"14":0,"15":0,"16":0,"17":0,"18":0,"19":11,"20":7,"21":4,"22":2,"23":0,"24":0,"25":0,"26":0,"27":0,"28":0,"29":0,"30":0,"31":1,"32":0,"33":0,"34":5,"35":1,"36":0,"37":0,"38":7,"39":0,"40":2,"41":2,"42":2,"43":0,"44":0,"45":0,"46":0,"47":6,"48":4,"49":0,"50":6,"51":0,"52":0,"53":0,"54":2,"55":0,"56":0,"57":6,"58":0,"59":0,"60":0,"61":0,"62":0,"63":0,"64":0,"65":0,"66":0,"67":0,"68":0,"69":0,"70":0,"71":0,"72":0},"b":{"0":[15,38],"1":[1,1],"2":[2,1,1],"3":[1,1],"4":[2,1,1],"5":[0,0],"6":[0,0,0],"7":[0,0],"8":[0,0,0],"9":[0,0],"10":[0,0],"11":[0,0,0],"12":[0,0],"13":[11,9],"14":[2,2],"15":[1,1],"16":[0,0],"17":[1,0],"18":[1,1],"19":[0,0],"20":[0,0],"21":[0,0],"22":[0,0],"23":[0,0],"24":[0,0],"25":[0,0],"26":[0,0],"27":[0,5],"28":[1,1],"29":[1,1],"30":[4,4],"31":[0,0],"32":[0,0],"33":[0,2],"34":[0,0]}}
}
