TN:
SF:src/index.ts
FN:8,(anonymous_4)
FN:8,(anonymous_5)
FN:9,(anonymous_6)
FN:14,(anonymous_7)
FN:14,(anonymous_8)
FN:15,(anonymous_9)
FN:20,curry
FN:23,$curry
FN:41,(anonymous_12)
FN:41,(anonymous_13)
FN:42,(anonymous_14)
FN:51,(anonymous_15)
FN:55,(anonymous_16)
FN:64,(anonymous_17)
FN:76,(anonymous_18)
FN:88,(anonymous_19)
FN:91,(anonymous_20)
FN:99,(anonymous_21)
FN:102,(anonymous_22)
FN:113,(anonymous_23)
FN:118,(anonymous_24)
FN:125,(anonymous_25)
FN:132,(anonymous_26)
FN:137,(anonymous_27)
FN:145,(anonymous_28)
FN:157,(anonymous_29)
FN:164,(anonymous_30)
FN:169,(anonymous_31)
FN:174,(anonymous_32)
FN:184,(anonymous_33)
FN:189,(anonymous_34)
FN:198,(anonymous_35)
FN:208,(anonymous_36)
FN:222,(anonymous_37)
FN:236,(anonymous_38)
FN:243,(anonymous_39)
FN:250,safeGet
FN:251,(anonymous_41)
FN:262,(anonymous_42)
FN:266,(anonymous_43)
FN:271,(anonymous_44)
FN:275,(anonymous_45)
FN:281,(anonymous_46)
FN:287,(anonymous_47)
FN:292,(anonymous_48)
FN:297,(anonymous_49)
FN:301,(anonymous_50)
FN:321,(anonymous_51)
FN:313,(anonymous_52)
FN:317,(anonymous_53)
FN:326,(anonymous_54)
FN:331,(anonymous_55)
FN:336,(anonymous_56)
FN:341,(anonymous_57)
FN:345,(anonymous_58)
FN:350,(anonymous_59)
FN:354,(anonymous_60)
FN:358,(anonymous_61)
FN:359,(anonymous_62)
FN:368,(anonymous_63)
FN:372,(anonymous_64)
FN:373,(anonymous_65)
FN:377,(anonymous_66)
FN:378,(anonymous_67)
FN:382,(anonymous_68)
FN:383,(anonymous_69)
FN:389,(anonymous_70)
FN:390,(anonymous_71)
FN:394,(anonymous_72)
FN:395,(anonymous_73)
FN:396,(anonymous_74)
FN:400,(anonymous_75)
FN:404,(anonymous_76)
FNF:73
FNH:30
FNDA:1,(anonymous_4)
FNDA:1,(anonymous_5)
FNDA:2,(anonymous_6)
FNDA:1,(anonymous_7)
FNDA:1,(anonymous_8)
FNDA:2,(anonymous_9)
FNDA:49,curry
FNDA:53,$curry
FNDA:1,(anonymous_12)
FNDA:1,(anonymous_13)
FNDA:2,(anonymous_14)
FNDA:2,(anonymous_15)
FNDA:2,(anonymous_16)
FNDA:2,(anonymous_17)
FNDA:0,(anonymous_18)
FNDA:0,(anonymous_19)
FNDA:0,(anonymous_20)
FNDA:0,(anonymous_21)
FNDA:0,(anonymous_22)
FNDA:11,(anonymous_23)
FNDA:7,(anonymous_24)
FNDA:4,(anonymous_25)
FNDA:2,(anonymous_26)
FNDA:0,(anonymous_27)
FNDA:0,(anonymous_28)
FNDA:0,(anonymous_29)
FNDA:0,(anonymous_30)
FNDA:0,(anonymous_31)
FNDA:0,(anonymous_32)
FNDA:0,(anonymous_33)
FNDA:0,(anonymous_34)
FNDA:1,(anonymous_35)
FNDA:0,(anonymous_36)
FNDA:0,(anonymous_37)
FNDA:5,(anonymous_38)
FNDA:1,(anonymous_39)
FNDA:0,safeGet
FNDA:0,(anonymous_41)
FNDA:7,(anonymous_42)
FNDA:0,(anonymous_43)
FNDA:2,(anonymous_44)
FNDA:2,(anonymous_45)
FNDA:2,(anonymous_46)
FNDA:0,(anonymous_47)
FNDA:0,(anonymous_48)
FNDA:0,(anonymous_49)
FNDA:0,(anonymous_50)
FNDA:6,(anonymous_51)
FNDA:4,(anonymous_52)
FNDA:0,(anonymous_53)
FNDA:6,(anonymous_54)
FNDA:0,(anonymous_55)
FNDA:0,(anonymous_56)
FNDA:0,(anonymous_57)
FNDA:2,(anonymous_58)
FNDA:0,(anonymous_59)
FNDA:0,(anonymous_60)
FNDA:6,(anonymous_61)
FNDA:0,(anonymous_62)
FNDA:0,(anonymous_63)
FNDA:0,(anonymous_64)
FNDA:0,(anonymous_65)
FNDA:0,(anonymous_66)
FNDA:0,(anonymous_67)
FNDA:0,(anonymous_68)
FNDA:0,(anonymous_69)
FNDA:0,(anonymous_70)
FNDA:0,(anonymous_71)
FNDA:0,(anonymous_72)
FNDA:0,(anonymous_73)
FNDA:0,(anonymous_74)
FNDA:0,(anonymous_75)
FNDA:0,(anonymous_76)
DA:3,2
DA:8,2
DA:9,2
DA:14,2
DA:15,2
DA:20,2
DA:21,49
DA:23,49
DA:24,53
DA:25,15
DA:28,38
DA:41,2
DA:42,2
DA:51,2
DA:55,2
DA:56,2
DA:64,2
DA:65,2
DA:76,2
DA:77,0
DA:88,2
DA:89,0
DA:92,0
DA:99,2
DA:100,0
DA:103,0
DA:113,11
DA:118,2
DA:119,7
DA:125,2
DA:126,4
DA:132,2
DA:137,2
DA:145,2
DA:146,0
DA:147,0
DA:157,2
DA:158,0
DA:164,2
DA:169,2
DA:174,2
DA:175,0
DA:176,0
DA:178,0
DA:184,2
DA:189,2
DA:190,0
DA:191,0
DA:192,0
DA:198,2
DA:199,1
DA:200,1
DA:202,0
DA:208,2
DA:209,0
DA:210,0
DA:211,0
DA:212,0
DA:213,0
DA:215,0
DA:222,2
DA:223,0
DA:224,0
DA:225,0
DA:226,0
DA:227,0
DA:229,0
DA:236,2
DA:237,5
DA:243,2
DA:244,1
DA:250,2
DA:251,0
DA:252,0
DA:262,7
DA:266,2
DA:271,2
DA:275,2
DA:276,2
DA:281,2
DA:282,2
DA:287,2
DA:292,2
DA:297,2
DA:301,2
DA:310,2
DA:314,4
DA:318,0
DA:322,6
DA:327,6
DA:332,0
DA:337,0
DA:342,0
DA:346,2
DA:351,0
DA:355,0
DA:358,6
DA:359,2
DA:360,2
DA:366,2
DA:369,0
DA:373,0
DA:378,0
DA:383,0
DA:384,0
DA:390,0
DA:395,0
DA:396,0
DA:401,0
DA:404,2
LF:110
LH:66
BRDA:24,0,0,15
BRDA:24,0,1,38
BRDA:57,1,0,1
BRDA:57,1,1,1
BRDA:56,2,0,2
BRDA:56,2,1,1
BRDA:56,2,2,1
BRDA:66,3,0,1
BRDA:66,3,1,1
BRDA:65,4,0,2
BRDA:65,4,1,1
BRDA:65,4,2,1
BRDA:78,5,0,0
BRDA:78,5,1,0
BRDA:77,6,0,0
BRDA:77,6,1,0
BRDA:77,6,2,0
BRDA:90,7,0,0
BRDA:90,7,1,0
BRDA:89,8,0,0
BRDA:89,8,1,0
BRDA:89,8,2,0
BRDA:92,9,0,0
BRDA:92,9,1,0
BRDA:101,10,0,0
BRDA:101,10,1,0
BRDA:100,11,0,0
BRDA:100,11,1,0
BRDA:100,11,2,0
BRDA:103,12,0,0
BRDA:103,12,1,0
BRDA:113,13,0,11
BRDA:113,13,1,9
BRDA:126,14,0,2
BRDA:126,14,1,2
BRDA:132,15,0,1
BRDA:132,15,1,1
BRDA:175,16,0,0
BRDA:175,16,1,0
BRDA:199,17,0,1
BRDA:199,17,1,0
BRDA:199,18,0,1
BRDA:199,18,1,1
BRDA:209,19,0,0
BRDA:209,19,1,0
BRDA:209,20,0,0
BRDA:209,20,1,0
BRDA:210,21,0,0
BRDA:210,21,1,0
BRDA:212,22,0,0
BRDA:212,22,1,0
BRDA:223,23,0,0
BRDA:223,23,1,0
BRDA:223,24,0,0
BRDA:223,24,1,0
BRDA:224,25,0,0
BRDA:224,25,1,0
BRDA:226,26,0,0
BRDA:226,26,1,0
BRDA:237,27,0,0
BRDA:237,27,1,5
BRDA:276,28,0,1
BRDA:276,28,1,1
BRDA:282,29,0,1
BRDA:282,29,1,1
BRDA:314,30,0,4
BRDA:314,30,1,4
BRDA:332,31,0,0
BRDA:332,31,1,0
BRDA:337,32,0,0
BRDA:337,32,1,0
BRDA:346,33,0,0
BRDA:346,33,1,2
BRDA:355,34,0,0
BRDA:355,34,1,0
BRF:75
BRH:29
end_of_record
